#-----------------------------------------------------------
# Webtalk v2017.4 (64-bit)
# SW Build 2086221 on Fri Dec 15 20:55:39 MST 2017
# 
# Start of session at: Sun Apr  5 11:01:10 2020
# Process ID: 12108
# Current directory: E:/4_My_all_Projects/sari_vivado123/sari_vivado.sdk/webtalk
# Command line: wbtcv.exe -mode batch -source sdk_webtalk.tcl
# Log file: E:/4_My_all_Projects/sari_vivado123/sari_vivado.sdk/webtalk/webtalk.log
# Journal file: E:/4_My_all_Projects/sari_vivado123/sari_vivado.sdk/webtalk\webtalk.jou
#-----------------------------------------------------------
source sdk_webtalk.tcl
# webtalk_init -webtalk_dir E:\\4_My_all_Projects\\sari_vivado123\\sari_vivado.sdk\\webtalk
# webtalk_register_client -client project
# webtalk_add_data -client project -key date_generated -value "2020-04-05 11:01:06" -context "software_version_and_target_device"
# webtalk_add_data -client project -key product_version -value "SDK v2017.4" -context "software_version_and_target_device"
# webtalk_add_data -client project -key build_version -value "2017.4" -context "software_version_and_target_device"
# webtalk_add_data -client project -key os_platform -value "amd64" -context "software_version_and_target_device"
# webtalk_add_data -client project -key registration_id -value "" -context "software_version_and_target_device"
# webtalk_add_data -client project -key tool_flow -value "SDK" -context "software_version_and_target_device"
# webtalk_add_data -client project -key beta -value "false" -context "software_version_and_target_device"
# webtalk_add_data -client project -key route_design -value "NA" -context "software_version_and_target_device"
# webtalk_add_data -client project -key target_family -value "NA" -context "software_version_and_target_device"
# webtalk_add_data -client project -key target_device -value "NA" -context "software_version_and_target_device"
# webtalk_add_data -client project -key target_package -value "NA" -context "software_version_and_target_device"
# webtalk_add_data -client project -key target_speed -value "NA" -context "software_version_and_target_device"
# webtalk_add_data -client project -key random_id -value "nro0av6kcqieerh1ptm860nvuo" -context "software_version_and_target_device"
# webtalk_add_data -client project -key project_id -value "2017.4_8" -context "software_version_and_target_device"
# webtalk_add_data -client project -key project_iteration -value "8" -context "software_version_and_target_device"
# webtalk_add_data -client project -key os_name -value "Microsoft Windows 8 or later , 64-bit" -context "user_environment"
# webtalk_add_data -client project -key os_release -value "major release  (build 9200)" -context "user_environment"
# webtalk_add_data -client project -key cpu_name -value "Intel(R) Core(TM) i3-6006U CPU @ 2.00GHz" -context "user_environment"
# webtalk_add_data -client project -key cpu_speed -value "1992 MHz" -context "user_environment"
# webtalk_add_data -client project -key total_processors -value "1" -context "user_environment"
# webtalk_add_data -client project -key system_ram -value "8.503 GB" -context "user_environment"
# webtalk_register_client -client sdk
# webtalk_add_data -client sdk -key uid -value "1586062922586" -context "sdk\\\\bsp/1586062922586"
# webtalk_add_data -client sdk -key hwid -value "1557401269000" -context "sdk\\\\bsp/1586062922586"
# webtalk_add_data -client sdk -key os -value "standalone" -context "sdk\\\\bsp/1586062922586"
# webtalk_add_data -client sdk -key apptemplate -value "lwip_echo_server" -context "sdk\\\\bsp/1586062922586"
# webtalk_add_data -client sdk -key RecordType -value "BSPCreation" -context "sdk\\\\bsp/1586062922586"
# webtalk_add_data -client sdk -key uid -value "1586062939373" -context "sdk\\\\application/1586062939373"
# webtalk_add_data -client sdk -key hwid -value "1557401269000" -context "sdk\\\\application/1586062939373"
# webtalk_add_data -client sdk -key bspid -value "1586062922586" -context "sdk\\\\application/1586062939373"
# webtalk_add_data -client sdk -key newbsp -value "true" -context "sdk\\\\application/1586062939373"
# webtalk_add_data -client sdk -key os -value "standalone" -context "sdk\\\\application/1586062939373"
# webtalk_add_data -client sdk -key apptemplate -value "lwip_echo_server" -context "sdk\\\\application/1586062939373"
# webtalk_add_data -client sdk -key RecordType -value "APPCreation" -context "sdk\\\\application/1586062939373"
# webtalk_add_data -client sdk -key LangUsed -value "C" -context "sdk\\\\application/1586062939373"
# webtalk_add_data -client sdk -key Procused -value "ps7_cortexa9" -context "sdk\\\\application/1586062939373"
# webtalk_add_data -client sdk -key projSize -value "419.78125" -context "sdk\\\\application/1586062939373"
# webtalk_add_data -client sdk -key uid -value "NA" -context "sdk\\\\bsp/1586064666134"
# webtalk_add_data -client sdk -key RecordType -value "ToolUsage" -context "sdk\\\\bsp/1586064666134"
# webtalk_add_data -client sdk -key BootgenCount -value "0" -context "sdk\\\\bsp/1586064666134"
# webtalk_add_data -client sdk -key DebugCount -value "0" -context "sdk\\\\bsp/1586064666134"
# webtalk_add_data -client sdk -key PerfCount -value "0" -context "sdk\\\\bsp/1586064666134"
# webtalk_add_data -client sdk -key FlashCount -value "0" -context "sdk\\\\bsp/1586064666134"
# webtalk_add_data -client sdk -key CrossTriggCount -value "0" -context "sdk\\\\bsp/1586064666134"
# webtalk_add_data -client sdk -key QemuDebugCount -value "0" -context "sdk\\\\bsp/1586064666134"
# webtalk_transmit -clientid 416124499 -regid "" -xml E:\\4_My_all_Projects\\sari_vivado123\\sari_vivado.sdk\\webtalk\\usage_statistics_ext_sdk.xml -html E:\\4_My_all_Projects\\sari_vivado123\\sari_vivado.sdk\\webtalk\\usage_statistics_ext_sdk.html -wdm E:\\4_My_all_Projects\\sari_vivado123\\sari_vivado.sdk\\webtalk\\sdk_webtalk.wdm -intro "<H3>SDK Usage Report</H3><BR>"
# webtalk_terminate
INFO: [Common 17-206] Exiting Webtalk at Sun Apr  5 11:01:15 2020...
