16:57:42 INFO  : Registering command handlers for SDK TCF services
16:57:45 INFO  : Launching XSCT server: xsct -n -interactive /opt/Xilinx/Vivado/2017.4/bin/sari_vivado/sari_vivado.sdk/temp_xsdb_launch_script.tcl
16:57:46 INFO  : XSCT server has started successfully.
16:57:46 INFO  : Successfully done setting XSCT server connection channel  
16:57:46 INFO  : Successfully done setting SDK workspace  
16:57:46 INFO  : Processing command line option -hwspec /opt/Xilinx/Vivado/2017.4/bin/sari_vivado/sari_vivado.sdk/design_1_wrapper.hdf.
17:00:18 INFO  : Connected to target on host '127.0.0.1' and port '3121'.
17:00:20 INFO  : 'targets -set -filter {jtag_cable_name =~ "Digilent Zybo 210279759684A" && level==0} -index 1' command is executed.
17:00:23 INFO  : FPGA configured successfully with bitstream "/opt/Xilinx/Vivado/2017.4/bin/sari_vivado/sari_vivado.sdk/design_1_wrapper_hw_platform_0/design_1_wrapper.bit"
17:00:28 WARN  : Given IPC port value is invalid. Using default port 2350
17:00:28 WARN  : Given XMD timeout value is invalid. Using default value of 50000
17:00:30 WARN  : Given XMD transaction timeout value is invalid. Using default value of 60000 milli seconds
17:00:30 WARN  : Given XMD transaction timeout value is invalid. Using default value of 60000 milli seconds
17:00:32 WARN  : Given XMD transaction timeout value is invalid. Using default value of 60000 milli seconds
17:00:32 WARN  : Given XMD transaction timeout value is invalid. Using default value of 60000 milli seconds
17:00:32 WARN  : Given XMD transaction timeout value is invalid. Using default value of 60000 milli seconds
17:00:32 WARN  : Given XMD transaction timeout value is invalid. Using default value of 60000 milli seconds
17:00:32 WARN  : Given XMD transaction timeout value is invalid. Using default value of 60000 milli seconds
17:00:32 WARN  : Given XMD transaction timeout value is invalid. Using default value of 60000 milli seconds
17:00:33 WARN  : Given XMD transaction timeout value is invalid. Using default value of 60000 milli seconds
17:00:33 INFO  : ps7_init is completed.
17:00:33 WARN  : Given XMD transaction timeout value is invalid. Using default value of 60000 milli seconds
17:00:33 INFO  : ps7_post_config is completed.
17:00:33 WARN  : Given XMD transaction timeout value is invalid. Using default value of 60000 milli seconds
17:00:33 WARN  : Given XMD transaction timeout value is invalid. Using default value of 60000 milli seconds
17:00:33 INFO  : Processor reset is completed for ps7_cortexa9_0
17:00:33 WARN  : Given XMD transaction timeout value is invalid. Using default value of 60000 milli seconds
17:00:33 WARN  : Given XMD transaction timeout value is invalid. Using default value of 60000 milli seconds
17:00:33 WARN  : Given XMD transaction timeout value is invalid. Using default value of 60000 milli seconds
17:00:33 WARN  : Given XMD transaction timeout value is invalid. Using default value of 60000 milli seconds
17:00:33 WARN  : Given XMD transaction timeout value is invalid. Using default value of 60000 milli seconds
17:00:33 WARN  : Given XMD transaction timeout value is invalid. Using default value of 60000 milli seconds
17:00:34 WARN  : Given XMD transaction timeout value is invalid. Using default value of 60000 milli seconds
17:00:34 WARN  : Given XMD transaction timeout value is invalid. Using default value of 60000 milli seconds
17:00:34 WARN  : Given XMD transaction timeout value is invalid. Using default value of 60000 milli seconds
17:01:02 WARN  : Given XMD transaction timeout value is invalid. Using default value of 60000 milli seconds
17:01:03 WARN  : Given XMD transaction timeout value is invalid. Using default value of 60000 milli seconds
17:01:03 WARN  : Given XMD transaction timeout value is invalid. Using default value of 60000 milli seconds
17:01:03 WARN  : Given XMD transaction timeout value is invalid. Using default value of 60000 milli seconds
17:01:03 WARN  : Given XMD transaction timeout value is invalid. Using default value of 60000 milli seconds
17:01:03 WARN  : Given XMD transaction timeout value is invalid. Using default value of 60000 milli seconds
17:01:03 WARN  : Given XMD transaction timeout value is invalid. Using default value of 60000 milli seconds
17:01:03 INFO  : Processor reset is completed for ps7_cortexa9_0
17:01:03 WARN  : Given XMD transaction timeout value is invalid. Using default value of 60000 milli seconds
17:01:03 WARN  : Given XMD transaction timeout value is invalid. Using default value of 60000 milli seconds
17:01:03 WARN  : Given XMD transaction timeout value is invalid. Using default value of 60000 milli seconds
17:01:03 WARN  : Given XMD transaction timeout value is invalid. Using default value of 60000 milli seconds
17:01:04 WARN  : Given XMD transaction timeout value is invalid. Using default value of 60000 milli seconds
17:01:04 WARN  : Given XMD transaction timeout value is invalid. Using default value of 60000 milli seconds
17:01:04 WARN  : Given XMD transaction timeout value is invalid. Using default value of 60000 milli seconds
17:01:04 WARN  : Given XMD transaction timeout value is invalid. Using default value of 60000 milli seconds
17:01:04 WARN  : Given XMD transaction timeout value is invalid. Using default value of 60000 milli seconds
17:59:12 ERROR : Unexpected error while parsing XMD response ￿: com.google.gson.JsonSyntaxException: com.google.gson.stream.MalformedJsonException: invalid number or unquoted string near 
15:09:39 INFO  : Registering command handlers for SDK TCF services
15:09:41 INFO  : Launching XSCT server: xsct -n -interactive /prog/Xilinx/sari_vivado/sari_vivado.sdk/temp_xsdb_launch_script.tcl
15:09:45 INFO  : XSCT server has started successfully.
15:09:45 INFO  : Successfully done setting XSCT server connection channel  
15:09:47 INFO  : Successfully done setting SDK workspace  
15:09:47 INFO  : Processing command line option -hwspec /prog/Xilinx/sari_vivado/sari_vivado.sdk/design_1_wrapper.hdf.
15:13:08 INFO  : Connected to target on host '127.0.0.1' and port '3121'.
15:13:08 INFO  : 'targets -set -filter {jtag_cable_name =~ "Digilent Zybo 210279760072A" && level==0} -index 1' command is executed.
15:13:09 INFO  : FPGA configured successfully with bitstream "/prog/Xilinx/sari_vivado/sari_vivado.sdk/design_1_wrapper_hw_platform_0/design_1_wrapper.bit"
15:13:17 WARN  : Given IPC port value is invalid. Using default port 2350
15:13:17 WARN  : Given XMD timeout value is invalid. Using default value of 50000
15:13:22 WARN  : Given XMD transaction timeout value is invalid. Using default value of 60000 milli seconds
15:13:22 WARN  : Given XMD transaction timeout value is invalid. Using default value of 60000 milli seconds
15:13:25 WARN  : Given XMD transaction timeout value is invalid. Using default value of 60000 milli seconds
15:13:25 WARN  : Given XMD transaction timeout value is invalid. Using default value of 60000 milli seconds
15:13:25 WARN  : Given XMD transaction timeout value is invalid. Using default value of 60000 milli seconds
15:13:25 WARN  : Given XMD transaction timeout value is invalid. Using default value of 60000 milli seconds
15:13:25 WARN  : Given XMD transaction timeout value is invalid. Using default value of 60000 milli seconds
15:13:25 WARN  : Given XMD transaction timeout value is invalid. Using default value of 60000 milli seconds
15:13:25 WARN  : Given XMD transaction timeout value is invalid. Using default value of 60000 milli seconds
15:13:26 INFO  : ps7_init is completed.
15:13:26 WARN  : Given XMD transaction timeout value is invalid. Using default value of 60000 milli seconds
15:13:26 INFO  : ps7_post_config is completed.
15:13:26 WARN  : Given XMD transaction timeout value is invalid. Using default value of 60000 milli seconds
15:13:26 WARN  : Given XMD transaction timeout value is invalid. Using default value of 60000 milli seconds
15:13:26 INFO  : Processor reset is completed for ps7_cortexa9_0
15:13:26 WARN  : Given XMD transaction timeout value is invalid. Using default value of 60000 milli seconds
15:13:26 WARN  : Given XMD transaction timeout value is invalid. Using default value of 60000 milli seconds
15:13:26 WARN  : Given XMD transaction timeout value is invalid. Using default value of 60000 milli seconds
15:13:26 WARN  : Given XMD transaction timeout value is invalid. Using default value of 60000 milli seconds
15:13:26 WARN  : Given XMD transaction timeout value is invalid. Using default value of 60000 milli seconds
15:13:26 WARN  : Given XMD transaction timeout value is invalid. Using default value of 60000 milli seconds
15:13:27 WARN  : Given XMD transaction timeout value is invalid. Using default value of 60000 milli seconds
15:13:27 WARN  : Given XMD transaction timeout value is invalid. Using default value of 60000 milli seconds
15:13:27 WARN  : Given XMD transaction timeout value is invalid. Using default value of 60000 milli seconds
15:13:39 WARN  : Given XMD transaction timeout value is invalid. Using default value of 60000 milli seconds
15:13:39 WARN  : Given XMD transaction timeout value is invalid. Using default value of 60000 milli seconds
15:13:39 WARN  : Given XMD transaction timeout value is invalid. Using default value of 60000 milli seconds
15:13:39 WARN  : Given XMD transaction timeout value is invalid. Using default value of 60000 milli seconds
15:13:39 WARN  : Given XMD transaction timeout value is invalid. Using default value of 60000 milli seconds
15:13:39 WARN  : Given XMD transaction timeout value is invalid. Using default value of 60000 milli seconds
15:13:39 WARN  : Given XMD transaction timeout value is invalid. Using default value of 60000 milli seconds
15:13:39 INFO  : Processor reset is completed for ps7_cortexa9_0
15:13:39 WARN  : Given XMD transaction timeout value is invalid. Using default value of 60000 milli seconds
15:13:39 WARN  : Given XMD transaction timeout value is invalid. Using default value of 60000 milli seconds
15:13:39 WARN  : Given XMD transaction timeout value is invalid. Using default value of 60000 milli seconds
15:13:40 WARN  : Given XMD transaction timeout value is invalid. Using default value of 60000 milli seconds
15:13:40 WARN  : Given XMD transaction timeout value is invalid. Using default value of 60000 milli seconds
15:13:40 WARN  : Given XMD transaction timeout value is invalid. Using default value of 60000 milli seconds
15:13:40 WARN  : Given XMD transaction timeout value is invalid. Using default value of 60000 milli seconds
15:13:40 WARN  : Given XMD transaction timeout value is invalid. Using default value of 60000 milli seconds
15:13:40 WARN  : Given XMD transaction timeout value is invalid. Using default value of 60000 milli seconds
15:13:57 WARN  : Given XMD transaction timeout value is invalid. Using default value of 60000 milli seconds
15:13:57 WARN  : Given XMD transaction timeout value is invalid. Using default value of 60000 milli seconds
15:13:57 WARN  : Given XMD transaction timeout value is invalid. Using default value of 60000 milli seconds
15:13:57 WARN  : Given XMD transaction timeout value is invalid. Using default value of 60000 milli seconds
15:13:57 WARN  : Given XMD transaction timeout value is invalid. Using default value of 60000 milli seconds
15:13:57 WARN  : Given XMD transaction timeout value is invalid. Using default value of 60000 milli seconds
15:13:58 WARN  : Given XMD transaction timeout value is invalid. Using default value of 60000 milli seconds
15:13:58 INFO  : Processor reset is completed for ps7_cortexa9_0
15:13:58 WARN  : Given XMD transaction timeout value is invalid. Using default value of 60000 milli seconds
15:13:58 WARN  : Given XMD transaction timeout value is invalid. Using default value of 60000 milli seconds
15:13:58 WARN  : Given XMD transaction timeout value is invalid. Using default value of 60000 milli seconds
15:13:58 WARN  : Given XMD transaction timeout value is invalid. Using default value of 60000 milli seconds
15:13:58 WARN  : Given XMD transaction timeout value is invalid. Using default value of 60000 milli seconds
15:13:58 WARN  : Given XMD transaction timeout value is invalid. Using default value of 60000 milli seconds
15:13:58 WARN  : Given XMD transaction timeout value is invalid. Using default value of 60000 milli seconds
15:13:58 WARN  : Given XMD transaction timeout value is invalid. Using default value of 60000 milli seconds
15:13:58 WARN  : Given XMD transaction timeout value is invalid. Using default value of 60000 milli seconds
15:53:01 INFO  : Connected to target on host '127.0.0.1' and port '3121'.
15:53:01 INFO  : 'targets -set -filter {jtag_cable_name =~ "Digilent Zybo 210279760072A" && level==0} -index 1' command is executed.
15:53:02 INFO  : FPGA configured successfully with bitstream "/prog/Xilinx/sari_vivado/sari_vivado.sdk/design_1_wrapper_hw_platform_0/design_1_wrapper.bit"
15:53:13 WARN  : Given XMD transaction timeout value is invalid. Using default value of 60000 milli seconds
15:53:13 WARN  : Given XMD transaction timeout value is invalid. Using default value of 60000 milli seconds
15:53:13 WARN  : Given XMD transaction timeout value is invalid. Using default value of 60000 milli seconds
15:53:13 WARN  : Given XMD transaction timeout value is invalid. Using default value of 60000 milli seconds
15:53:13 WARN  : Given XMD transaction timeout value is invalid. Using default value of 60000 milli seconds
15:53:13 WARN  : Given XMD transaction timeout value is invalid. Using default value of 60000 milli seconds
15:53:13 WARN  : Given XMD transaction timeout value is invalid. Using default value of 60000 milli seconds
15:53:14 INFO  : ps7_init is completed.
15:53:14 WARN  : Given XMD transaction timeout value is invalid. Using default value of 60000 milli seconds
15:53:14 INFO  : ps7_post_config is completed.
15:53:14 WARN  : Given XMD transaction timeout value is invalid. Using default value of 60000 milli seconds
15:53:14 WARN  : Given XMD transaction timeout value is invalid. Using default value of 60000 milli seconds
15:53:14 INFO  : Processor reset is completed for ps7_cortexa9_0
15:53:14 WARN  : Given XMD transaction timeout value is invalid. Using default value of 60000 milli seconds
15:53:14 WARN  : Given XMD transaction timeout value is invalid. Using default value of 60000 milli seconds
15:53:14 WARN  : Given XMD transaction timeout value is invalid. Using default value of 60000 milli seconds
15:53:14 WARN  : Given XMD transaction timeout value is invalid. Using default value of 60000 milli seconds
15:53:14 WARN  : Given XMD transaction timeout value is invalid. Using default value of 60000 milli seconds
15:53:14 WARN  : Given XMD transaction timeout value is invalid. Using default value of 60000 milli seconds
15:53:14 WARN  : Given XMD transaction timeout value is invalid. Using default value of 60000 milli seconds
15:53:14 WARN  : Given XMD transaction timeout value is invalid. Using default value of 60000 milli seconds
15:53:15 WARN  : Given XMD transaction timeout value is invalid. Using default value of 60000 milli seconds
15:55:12 WARN  : Given XMD transaction timeout value is invalid. Using default value of 60000 milli seconds
15:55:12 WARN  : Given XMD transaction timeout value is invalid. Using default value of 60000 milli seconds
15:55:13 WARN  : Given XMD transaction timeout value is invalid. Using default value of 60000 milli seconds
15:55:13 WARN  : Given XMD transaction timeout value is invalid. Using default value of 60000 milli seconds
15:55:13 WARN  : Given XMD transaction timeout value is invalid. Using default value of 60000 milli seconds
15:55:13 WARN  : Given XMD transaction timeout value is invalid. Using default value of 60000 milli seconds
15:55:13 WARN  : Given XMD transaction timeout value is invalid. Using default value of 60000 milli seconds
15:55:13 INFO  : Processor reset is completed for ps7_cortexa9_0
15:55:13 WARN  : Given XMD transaction timeout value is invalid. Using default value of 60000 milli seconds
15:55:13 WARN  : Given XMD transaction timeout value is invalid. Using default value of 60000 milli seconds
15:55:13 WARN  : Given XMD transaction timeout value is invalid. Using default value of 60000 milli seconds
15:55:13 WARN  : Given XMD transaction timeout value is invalid. Using default value of 60000 milli seconds
15:55:13 WARN  : Given XMD transaction timeout value is invalid. Using default value of 60000 milli seconds
15:55:14 WARN  : Given XMD transaction timeout value is invalid. Using default value of 60000 milli seconds
15:55:14 WARN  : Given XMD transaction timeout value is invalid. Using default value of 60000 milli seconds
15:55:14 WARN  : Given XMD transaction timeout value is invalid. Using default value of 60000 milli seconds
15:55:14 WARN  : Given XMD transaction timeout value is invalid. Using default value of 60000 milli seconds
15:59:27 INFO  : Connected to target on host '127.0.0.1' and port '3121'.
15:59:27 INFO  : 'targets -set -filter {jtag_cable_name =~ "Digilent Zybo 210279760072A" && level==0} -index 1' command is executed.
15:59:28 INFO  : FPGA configured successfully with bitstream "/prog/Xilinx/sari_vivado/sari_vivado.sdk/design_1_wrapper_hw_platform_0/design_1_wrapper.bit"
15:59:32 WARN  : Given XMD transaction timeout value is invalid. Using default value of 60000 milli seconds
15:59:32 WARN  : Given XMD transaction timeout value is invalid. Using default value of 60000 milli seconds
15:59:32 WARN  : Given XMD transaction timeout value is invalid. Using default value of 60000 milli seconds
15:59:32 WARN  : Given XMD transaction timeout value is invalid. Using default value of 60000 milli seconds
15:59:33 WARN  : Given XMD transaction timeout value is invalid. Using default value of 60000 milli seconds
15:59:33 WARN  : Given XMD transaction timeout value is invalid. Using default value of 60000 milli seconds
15:59:33 WARN  : Given XMD transaction timeout value is invalid. Using default value of 60000 milli seconds
15:59:33 INFO  : ps7_init is completed.
15:59:33 WARN  : Given XMD transaction timeout value is invalid. Using default value of 60000 milli seconds
15:59:33 INFO  : ps7_post_config is completed.
15:59:33 WARN  : Given XMD transaction timeout value is invalid. Using default value of 60000 milli seconds
15:59:33 WARN  : Given XMD transaction timeout value is invalid. Using default value of 60000 milli seconds
15:59:33 INFO  : Processor reset is completed for ps7_cortexa9_0
15:59:33 WARN  : Given XMD transaction timeout value is invalid. Using default value of 60000 milli seconds
15:59:33 WARN  : Given XMD transaction timeout value is invalid. Using default value of 60000 milli seconds
15:59:34 WARN  : Given XMD transaction timeout value is invalid. Using default value of 60000 milli seconds
15:59:34 WARN  : Given XMD transaction timeout value is invalid. Using default value of 60000 milli seconds
15:59:34 WARN  : Given XMD transaction timeout value is invalid. Using default value of 60000 milli seconds
15:59:34 WARN  : Given XMD transaction timeout value is invalid. Using default value of 60000 milli seconds
15:59:34 WARN  : Given XMD transaction timeout value is invalid. Using default value of 60000 milli seconds
15:59:34 WARN  : Given XMD transaction timeout value is invalid. Using default value of 60000 milli seconds
15:59:34 WARN  : Given XMD transaction timeout value is invalid. Using default value of 60000 milli seconds
15:59:40 WARN  : Given XMD transaction timeout value is invalid. Using default value of 60000 milli seconds
15:59:40 WARN  : Given XMD transaction timeout value is invalid. Using default value of 60000 milli seconds
15:59:40 WARN  : Given XMD transaction timeout value is invalid. Using default value of 60000 milli seconds
15:59:40 WARN  : Given XMD transaction timeout value is invalid. Using default value of 60000 milli seconds
15:59:40 WARN  : Given XMD transaction timeout value is invalid. Using default value of 60000 milli seconds
15:59:40 WARN  : Given XMD transaction timeout value is invalid. Using default value of 60000 milli seconds
15:59:40 WARN  : Given XMD transaction timeout value is invalid. Using default value of 60000 milli seconds
15:59:40 INFO  : Processor reset is completed for ps7_cortexa9_0
15:59:40 WARN  : Given XMD transaction timeout value is invalid. Using default value of 60000 milli seconds
15:59:41 WARN  : Given XMD transaction timeout value is invalid. Using default value of 60000 milli seconds
15:59:41 WARN  : Given XMD transaction timeout value is invalid. Using default value of 60000 milli seconds
15:59:41 WARN  : Given XMD transaction timeout value is invalid. Using default value of 60000 milli seconds
15:59:41 WARN  : Given XMD transaction timeout value is invalid. Using default value of 60000 milli seconds
15:59:41 WARN  : Given XMD transaction timeout value is invalid. Using default value of 60000 milli seconds
15:59:41 WARN  : Given XMD transaction timeout value is invalid. Using default value of 60000 milli seconds
15:59:41 WARN  : Given XMD transaction timeout value is invalid. Using default value of 60000 milli seconds
15:59:41 WARN  : Given XMD transaction timeout value is invalid. Using default value of 60000 milli seconds
15:59:48 WARN  : Given XMD transaction timeout value is invalid. Using default value of 60000 milli seconds
15:59:48 WARN  : Given XMD transaction timeout value is invalid. Using default value of 60000 milli seconds
15:59:49 WARN  : Given XMD transaction timeout value is invalid. Using default value of 60000 milli seconds
15:59:49 WARN  : Given XMD transaction timeout value is invalid. Using default value of 60000 milli seconds
15:59:49 WARN  : Given XMD transaction timeout value is invalid. Using default value of 60000 milli seconds
15:59:49 WARN  : Given XMD transaction timeout value is invalid. Using default value of 60000 milli seconds
15:59:49 WARN  : Given XMD transaction timeout value is invalid. Using default value of 60000 milli seconds
15:59:49 INFO  : Processor reset is completed for ps7_cortexa9_0
15:59:49 WARN  : Given XMD transaction timeout value is invalid. Using default value of 60000 milli seconds
15:59:49 WARN  : Given XMD transaction timeout value is invalid. Using default value of 60000 milli seconds
15:59:49 WARN  : Given XMD transaction timeout value is invalid. Using default value of 60000 milli seconds
15:59:49 WARN  : Given XMD transaction timeout value is invalid. Using default value of 60000 milli seconds
15:59:49 WARN  : Given XMD transaction timeout value is invalid. Using default value of 60000 milli seconds
15:59:50 WARN  : Given XMD transaction timeout value is invalid. Using default value of 60000 milli seconds
15:59:50 WARN  : Given XMD transaction timeout value is invalid. Using default value of 60000 milli seconds
15:59:50 WARN  : Given XMD transaction timeout value is invalid. Using default value of 60000 milli seconds
15:59:50 WARN  : Given XMD transaction timeout value is invalid. Using default value of 60000 milli seconds
17:47:23 ERROR : Unexpected error while parsing XMD response ￿: com.google.gson.JsonSyntaxException: com.google.gson.stream.MalformedJsonException: invalid number or unquoted string near 
15:01:58 INFO  : Registering command handlers for SDK TCF services
15:02:00 INFO  : Launching XSCT server: xsct.bat -interactive E:\4_My_all_Projects\sari_vivado123\sari_vivado.sdk\temp_xsdb_launch_script.tcl
15:02:08 INFO  : XSCT server has started successfully.
15:02:13 INFO  : Successfully done setting XSCT server connection channel  
15:02:13 INFO  : Successfully done setting SDK workspace  
15:02:13 INFO  : Processing command line option -hwspec E:/4_My_all_Projects/sari_vivado123/sari_vivado.sdk/design_1_wrapper.hdf.
10:29:02 INFO  : Registering command handlers for SDK TCF services
10:29:05 INFO  : Launching XSCT server: xsct.bat -interactive E:\4_My_all_Projects\sari_vivado123\sari_vivado.sdk\temp_xsdb_launch_script.tcl
10:29:13 INFO  : XSCT server has started successfully.
10:29:22 INFO  : Successfully done setting XSCT server connection channel  
10:29:22 INFO  : Successfully done setting SDK workspace  
10:29:22 INFO  : Processing command line option -hwspec E:/4_My_all_Projects/sari_vivado123/sari_vivado.sdk/design_1_wrapper.hdf.
10:29:22 INFO  : Checking for hwspec changes in the project design_1_wrapper_hw_platform_2.
13:56:49 INFO  : Registering command handlers for SDK TCF services
13:56:51 INFO  : Launching XSCT server: xsct.bat -interactive E:\4_My_all_Projects\sari_vivado123\sari_vivado.sdk\temp_xsdb_launch_script.tcl
13:56:58 INFO  : XSCT server has started successfully.
13:57:05 INFO  : Successfully done setting XSCT server connection channel  
13:57:05 INFO  : Successfully done setting SDK workspace  
13:57:05 INFO  : Processing command line option -hwspec E:/4_My_all_Projects/sari_vivado123/sari_vivado.sdk/design_1_wrapper.hdf.
13:57:05 INFO  : Checking for hwspec changes in the project design_1_wrapper_hw_platform_2.
14:22:18 INFO  : Registering command handlers for SDK TCF services
14:22:20 INFO  : Launching XSCT server: xsct.bat -interactive E:\4_My_all_Projects\sari_vivado123\sari_vivado.sdk\temp_xsdb_launch_script.tcl
14:22:26 INFO  : XSCT server has started successfully.
14:22:43 INFO  : Successfully done setting XSCT server connection channel  
14:22:43 INFO  : Successfully done setting SDK workspace  
14:22:43 INFO  : Processing command line option -hwspec E:/4_My_all_Projects/sari_vivado123/sari_vivado.sdk/design_1_wrapper.hdf.
14:22:44 INFO  : Checking for hwspec changes in the project design_1_wrapper_hw_platform_2.
14:22:57 INFO  : SDK has detected change in the last modified timestamps for source hardware specification file Source:1601715103361,  Project:1557580837000
14:22:57 INFO  : The hardware specification for project 'design_1_wrapper_hw_platform_2' is different from E:/4_My_all_Projects/sari_vivado123/sari_vivado.sdk/design_1_wrapper.hdf.
14:23:00 INFO  : Copied contents of E:/4_My_all_Projects/sari_vivado123/sari_vivado.sdk/design_1_wrapper.hdf into \design_1_wrapper_hw_platform_2\system.hdf.
14:23:51 INFO  : Synchronizing projects in the workspace with the hardware platform specification changes.
14:23:51 INFO  : Clearing existing target manager status.
14:23:51 WARN  : Given IPC port value is invalid. Using default port 2350
14:23:51 WARN  : Given XMD timeout value is invalid. Using default value of 50000
14:23:56 WARN  : Given XMD transaction timeout value is invalid. Using default value of 60000 milli seconds
14:23:56 INFO  : Workspace synchronized with the new hardware specification file. Cleaning dependent projects...
14:23:56 WARN  : Linker script will not be updated automatically. Users need to update it manually.
14:23:57 ERROR : Unexpected error while parsing XMD response ?: com.google.gson.JsonSyntaxException: com.google.gson.stream.MalformedJsonException: invalid number or unquoted string near 
14:27:00 INFO  : Registering command handlers for SDK TCF services
14:27:01 INFO  : Launching XSCT server: xsct.bat -interactive G:\my_projects\sari_vivado123\sari_vivado.sdk\temp_xsdb_launch_script.tcl
14:27:05 INFO  : XSCT server has started successfully.
14:27:06 INFO  : Successfully done setting XSCT server connection channel  
14:27:06 INFO  : Successfully done setting SDK workspace  
14:27:06 INFO  : Processing command line option -hwspec G:/my_projects/sari_vivado123/sari_vivado.sdk/design_1_wrapper.hdf.
