#-----------------------------------------------------------
# Webtalk v2017.4 (64-bit)
# SW Build 2086221 on Fri Dec 15 20:54:30 MST 2017
# 
# Start of session at: Sat May 11 17:47:22 2019
# Process ID: 11271
# Current directory: /prog/Xilinx/sari_vivado/sari_vivado.sdk/webtalk
# Command line: wbtcv -mode batch -source sdk_webtalk.tcl
# Log file: /prog/Xilinx/sari_vivado/sari_vivado.sdk/webtalk/webtalk.log
# Journal file: /prog/Xilinx/sari_vivado/sari_vivado.sdk/webtalk/webtalk.jou
#-----------------------------------------------------------
source sdk_webtalk.tcl
# webtalk_init -webtalk_dir /prog/Xilinx/sari_vivado/sari_vivado.sdk/webtalk
# webtalk_register_client -client project
# webtalk_add_data -client project -key date_generated -value "2019-05-11 17:47:21" -context "software_version_and_target_device"
# webtalk_add_data -client project -key product_version -value "SDK v2017.4" -context "software_version_and_target_device"
# webtalk_add_data -client project -key build_version -value "2017.4" -context "software_version_and_target_device"
# webtalk_add_data -client project -key os_platform -value "amd64" -context "software_version_and_target_device"
# webtalk_add_data -client project -key registration_id -value "" -context "software_version_and_target_device"
# webtalk_add_data -client project -key tool_flow -value "SDK" -context "software_version_and_target_device"
# webtalk_add_data -client project -key beta -value "false" -context "software_version_and_target_device"
# webtalk_add_data -client project -key route_design -value "NA" -context "software_version_and_target_device"
# webtalk_add_data -client project -key target_family -value "NA" -context "software_version_and_target_device"
# webtalk_add_data -client project -key target_device -value "NA" -context "software_version_and_target_device"
# webtalk_add_data -client project -key target_package -value "NA" -context "software_version_and_target_device"
# webtalk_add_data -client project -key target_speed -value "NA" -context "software_version_and_target_device"
# webtalk_add_data -client project -key random_id -value "1alm01gs4oavoh42tuhheoka5s" -context "software_version_and_target_device"
# webtalk_add_data -client project -key project_id -value "2017.4_48" -context "software_version_and_target_device"
# webtalk_add_data -client project -key project_iteration -value "48" -context "software_version_and_target_device"
# webtalk_add_data -client project -key os_name -value "CentOS" -context "user_environment"
# webtalk_add_data -client project -key os_release -value "CentOS release 6.9 (Final)" -context "user_environment"
# webtalk_add_data -client project -key cpu_name -value "Intel(R) Core(TM) i7-2600 CPU @ 3.40GHz" -context "user_environment"
# webtalk_add_data -client project -key cpu_speed -value "1600.000 MHz" -context "user_environment"
# webtalk_add_data -client project -key total_processors -value "1" -context "user_environment"
# webtalk_add_data -client project -key system_ram -value "10.527 GB" -context "user_environment"
# webtalk_register_client -client sdk
# webtalk_add_data -client sdk -key uid -value "1557567603000" -context "sdk\\\\hardware/1557567603000"
# webtalk_add_data -client sdk -key isZynq -value "true" -context "sdk\\\\hardware/1557567603000"
# webtalk_add_data -client sdk -key isZynqMP -value "false" -context "sdk\\\\hardware/1557567603000"
# webtalk_add_data -client sdk -key Processors -value "2" -context "sdk\\\\hardware/1557567603000"
# webtalk_add_data -client sdk -key VivadoVersion -value "2017.4" -context "sdk\\\\hardware/1557567603000"
# webtalk_add_data -client sdk -key Arch -value "zynq" -context "sdk\\\\hardware/1557567603000"
# webtalk_add_data -client sdk -key Device -value "7z010" -context "sdk\\\\hardware/1557567603000"
# webtalk_add_data -client sdk -key IsHandoff -value "true" -context "sdk\\\\hardware/1557567603000"
# webtalk_add_data -client sdk -key os -value "NA" -context "sdk\\\\hardware/1557567603000"
# webtalk_add_data -client sdk -key apptemplate -value "NA" -context "sdk\\\\hardware/1557567603000"
# webtalk_add_data -client sdk -key RecordType -value "HWCreation" -context "sdk\\\\hardware/1557567603000"
# webtalk_add_data -client sdk -key uid -value "NA" -context "sdk\\\\bsp/1557577040888"
# webtalk_add_data -client sdk -key RecordType -value "ToolUsage" -context "sdk\\\\bsp/1557577040888"
# webtalk_add_data -client sdk -key BootgenCount -value "0" -context "sdk\\\\bsp/1557577040888"
# webtalk_add_data -client sdk -key DebugCount -value "0" -context "sdk\\\\bsp/1557577040888"
# webtalk_add_data -client sdk -key PerfCount -value "0" -context "sdk\\\\bsp/1557577040888"
# webtalk_add_data -client sdk -key FlashCount -value "0" -context "sdk\\\\bsp/1557577040888"
# webtalk_add_data -client sdk -key CrossTriggCount -value "0" -context "sdk\\\\bsp/1557577040888"
# webtalk_add_data -client sdk -key QemuDebugCount -value "0" -context "sdk\\\\bsp/1557577040888"
# webtalk_transmit -clientid 659731570 -regid "" -xml /prog/Xilinx/sari_vivado/sari_vivado.sdk/webtalk/usage_statistics_ext_sdk.xml -html /prog/Xilinx/sari_vivado/sari_vivado.sdk/webtalk/usage_statistics_ext_sdk.html -wdm /prog/Xilinx/sari_vivado/sari_vivado.sdk/webtalk/sdk_webtalk.wdm -intro "<H3>SDK Usage Report</H3><BR>"
INFO: [Common 17-186] '/prog/Xilinx/sari_vivado/sari_vivado.sdk/webtalk/usage_statistics_ext_sdk.xml' has been successfully sent to Xilinx on Sat May 11 17:47:27 2019. For additional details about this file, please refer to the WebTalk help file at /prog/Xilinx/SDK/2017.4/doc/webtalk_introduction.html.
webtalk_transmit: Time (s): cpu = 00:00:00.66 ; elapsed = 00:00:05 . Memory (MB): peak = 379.578 ; gain = 0.000 ; free physical = 1526 ; free virtual = 21395
# webtalk_terminate
INFO: [Common 17-206] Exiting Webtalk at Sat May 11 17:47:27 2019...
