INFO: [VRFC 10-163] Analyzing VHDL file "E:/4_My_all_Projects/sari_vivado123/sari_vivado.srcs/sources_1/new/bit_shift.vhd" into library xil_defaultlib
INFO: [VRFC 10-307] analyzing entity bit_shift
INFO: [VRFC 10-163] Analyzing VHDL file "E:/4_My_all_Projects/sari_vivado123/sari_vivado.srcs/sources_1/bd/design_1/ipshared/9dd3/hdl/vhdl/sari_mmult.vhd" into library xil_defaultlib
INFO: [VRFC 10-307] analyzing entity sari_mmult
INFO: [VRFC 10-163] Analyzing VHDL file "E:/4_My_all_Projects/sari_vivado123/sari_vivado.ip_user_files/bd/design_1/ip/design_1_sari_mmult_0_0/sim/design_1_sari_mmult_0_0.vhd" into library xil_defaultlib
INFO: [VRFC 10-307] analyzing entity design_1_sari_mmult_0_0
INFO: [VRFC 10-163] Analyzing VHDL file "E:/4_My_all_Projects/sari_vivado123/sari_vivado.ip_user_files/bd/design_1/ip/design_1_axi_bram_ctrl_0_0/sim/design_1_axi_bram_ctrl_0_0.vhd" into library xil_defaultlib
INFO: [VRFC 10-307] analyzing entity design_1_axi_bram_ctrl_0_0
INFO: [VRFC 10-163] Analyzing VHDL file "E:/4_My_all_Projects/sari_vivado123/sari_vivado.ip_user_files/bd/design_1/ip/design_1_axi_bram_ctrl_0_1/sim/design_1_axi_bram_ctrl_0_1.vhd" into library xil_defaultlib
INFO: [VRFC 10-307] analyzing entity design_1_axi_bram_ctrl_0_1
INFO: [VRFC 10-163] Analyzing VHDL file "E:/4_My_all_Projects/sari_vivado123/sari_vivado.ip_user_files/bd/design_1/ip/design_1_axi_bram_ctrl_0_2/sim/design_1_axi_bram_ctrl_0_2.vhd" into library xil_defaultlib
INFO: [VRFC 10-307] analyzing entity design_1_axi_bram_ctrl_0_2
INFO: [VRFC 10-163] Analyzing VHDL file "E:/4_My_all_Projects/sari_vivado123/sari_vivado.ip_user_files/bd/design_1/ip/design_1_bit_shift_0_0/sim/design_1_bit_shift_0_0.vhd" into library xil_defaultlib
INFO: [VRFC 10-307] analyzing entity design_1_bit_shift_0_0
INFO: [VRFC 10-163] Analyzing VHDL file "E:/4_My_all_Projects/sari_vivado123/sari_vivado.ip_user_files/bd/design_1/ip/design_1_bit_shift_0_1/sim/design_1_bit_shift_0_1.vhd" into library xil_defaultlib
INFO: [VRFC 10-307] analyzing entity design_1_bit_shift_0_1
INFO: [VRFC 10-163] Analyzing VHDL file "E:/4_My_all_Projects/sari_vivado123/sari_vivado.ip_user_files/bd/design_1/ip/design_1_bit_shift_1_0/sim/design_1_bit_shift_1_0.vhd" into library xil_defaultlib
INFO: [VRFC 10-307] analyzing entity design_1_bit_shift_1_0
INFO: [VRFC 10-163] Analyzing VHDL file "E:/4_My_all_Projects/sari_vivado123/sari_vivado.ip_user_files/bd/design_1/ip/design_1_rst_ps7_0_100M_0/sim/design_1_rst_ps7_0_100M_0.vhd" into library xil_defaultlib
INFO: [VRFC 10-307] analyzing entity design_1_rst_ps7_0_100M_0
INFO: [VRFC 10-163] Analyzing VHDL file "E:/4_My_all_Projects/sari_vivado123/sari_vivado.ip_user_files/bd/design_1/ip/design_1_axi_smc_0/bd_0/ip/ip_1/sim/bd_afc3_psr_aclk_0.vhd" into library xil_defaultlib
INFO: [VRFC 10-307] analyzing entity bd_afc3_psr_aclk_0
INFO: [VRFC 10-163] Analyzing VHDL file "E:/4_My_all_Projects/sari_vivado123/sari_vivado.ip_user_files/bd/design_1/ip/design_1_axi_smc_0/sim/design_1_axi_smc_0.vhd" into library xil_defaultlib
INFO: [VRFC 10-307] analyzing entity design_1_axi_smc_0
INFO: [VRFC 10-163] Analyzing VHDL file "E:/4_My_all_Projects/sari_vivado123/sari_vivado.ip_user_files/bd/design_1/sim/design_1.vhd" into library xil_defaultlib
INFO: [VRFC 10-307] analyzing entity design_1
INFO: [VRFC 10-163] Analyzing VHDL file "E:/4_My_all_Projects/sari_vivado123/sari_vivado.srcs/sources_1/imports/hdl/design_1_wrapper.vhd" into library xil_defaultlib
INFO: [VRFC 10-307] analyzing entity design_1_wrapper
